<?xml version="1.0" encoding="UTF-8"?>
<testng-results ignored="0" total="1" passed="1" failed="0" skipped="0">
  <reporter-output>
  </reporter-output>
  <suite started-at="2021-12-20T19:39:36 EST" name="Default suite" finished-at="2021-12-20T19:39:36 EST" duration-ms="68">
    <groups>
    </groups>
    <test started-at="2021-12-20T19:39:36 EST" name="Default test" finished-at="2021-12-20T19:39:36 EST" duration-ms="68">
      <class name="setunique.SetUnique">
        <test-method signature="setValue()[pri:0, instance:setunique.SetUnique@1c55f277]" started-at="2021-12-20T19:39:36 EST" name="setValue" finished-at="2021-12-20T19:39:36 EST" duration-ms="13" status="PASS">
          <reporter-output>
          </reporter-output>
        </test-method> <!-- setValue -->
      </class> <!-- setunique.SetUnique -->
    </test> <!-- Default test -->
  </suite> <!-- Default suite -->
</testng-results>
