<?xml version="1.0" encoding="UTF-8"?>
<testng-results ignored="0" total="3" passed="3" failed="0" skipped="0">
  <reporter-output>
  </reporter-output>
  <suite started-at="2021-12-28T02:03:45 EST" name="Default suite" finished-at="2021-12-28T02:03:45 EST" duration-ms="70">
    <groups>
    </groups>
    <test started-at="2021-12-28T02:03:45 EST" name="Default test" finished-at="2021-12-28T02:03:45 EST" duration-ms="70">
      <class name="setproject03.SetPract">
        <test-method signature="test1()[pri:0, instance:setproject03.SetPract@376a312c]" started-at="2021-12-28T02:03:45 EST" name="test1" finished-at="2021-12-28T02:03:45 EST" duration-ms="13" status="PASS">
          <reporter-output>
          </reporter-output>
        </test-method> <!-- test1 -->
        <test-method signature="test12()[pri:0, instance:setproject03.SetPract@376a312c]" started-at="2021-12-28T02:03:45 EST" name="test12" finished-at="2021-12-28T02:03:45 EST" duration-ms="1" status="PASS">
          <reporter-output>
          </reporter-output>
        </test-method> <!-- test12 -->
        <test-method signature="test142()[pri:0, instance:setproject03.SetPract@376a312c]" started-at="2021-12-28T02:03:45 EST" name="test142" finished-at="2021-12-28T02:03:45 EST" duration-ms="1" status="PASS">
          <reporter-output>
          </reporter-output>
        </test-method> <!-- test142 -->
      </class> <!-- setproject03.SetPract -->
    </test> <!-- Default test -->
  </suite> <!-- Default suite -->
</testng-results>
