<?xml version="1.0" encoding="UTF-8"?>
<!-- Generated by org.testng.reporters.JUnitXMLReporter -->
<testsuite ignored="0" hostname="Meghas-MacBook-Pro.local" failures="0" tests="3" name="Default test" time="0.07" errors="0" timestamp="2021-12-28T02:03:45 EST">
  <testcase classname="setproject03.SetPract" name="test1" time="0.013"/>
  <testcase classname="setproject03.SetPract" name="test12" time="0.001"/>
  <testcase classname="setproject03.SetPract" name="test142" time="0.001"/>
</testsuite> <!-- Default test -->
